30886 89383 351
36915 92777 351
38335 47793 314
60492 85386 351
41421 16649 324
90027 2362 351
20059 68690 340
13926 97763 351
83426 80540 320
55736 89172 351
95368 5211 351
56429 2567 340
21530 65782 340
65123 22862 340
3135 74067 340
79802 13929 351
23058 34022 308
98167 33069 351
18456 61393 340
78042 75011 351
77373 76229 351
44919 84421 351
98537 13784 351
94324 75198 351
64370 98315 351
3526 66413 340
68980 76091 325
41873 59956 340
99170 6862 351
97281 6996 351
20925 2305 279
36327 77084 351
26505 60336 340
21729 50846 324
25857 61313 340
53895 16124 340
545 19582 279
33367 98814 351
90364 15434 351
13750 44043 324
26808 71087 340
47178 17276 324
93584 95788 328
2651 5403 238
12399 92754 351
95060 99932 328
93368 49676 351
10012 47739 324
98586 36226 351
97539 48094 351
80570 40795 351
60378 51434 340
66601 97467 351
12902 10097 268
70492 73317 325
60756 26652 340
60280 97301 351
9441 24286 282
29689 53865 340
46619 28444 324
44729 58440 340
8117 58031 340
5771 38097 324
90675 34481 351
98927 20709 351
77856 4567 351
72353 79497 351
76965 54586 335
64683 55306 335
28624 6219 308
32871 51528 324
48829 5732 324
30019 9503 308
63368 58270 335
86715 59708 351
18149 26340 282
723 47796 324
2245 42618 324
93451 22846 351
43555 92921 351
97488 92379 328
88228 37764 351
92350 69841 351
41500 65193 340
87764 57034 351
24914 70124 340
75856 36987 340
46491 73743 340
48365 22227 324
81936 9859 351
52551 51432 340
99228 16437 351
75407 53275 335
76121 1474 340
94395 68858 351
61237 36029 340
73793 8235 340
94428 65818 351
31011 66143 340
39529 35928 306
22404 18776 274
55763 64443 335
54538 14613 340
36840 18606 324
44818 2904 324
70688 35128 340
67917 97369 351
66996 69917 312
87743 43324 351
12183 59470 340
95499 98490 297
6725 89772 351
55590 85644 351
68139 17505 340
69786 2954 340
38082 7669 324
88464 8542 351
39507 10197 324
28804 59355 340
78611 76348 351
27828 73622 340
87343 49299 351
35568 95746 351
55422 54340 260
13810 23311 279
21801 67605 340
73730 25661 340
11305 44878 324
78736 29320 351
48626 79444 351
3465 48522 324
73416 86708 351
13258 8282 276
67637 12924 340
5624 42062 324
32036 62600 340
11899 33452 308
45550 19379 324
90071 47468 351
87131 973 351
84930 3881 351
45894 8933 324
70163 58660 335
87981 57199 351
52996 48899 340
13773 52959 340
39668 72813 340
81095 87190 333
16466 52926 340
11340 65084 340
27684 22090 308
55542 43376 340
79107 55936 351
19756 17445 279
18418 69179 340
89412 6887 351
32172 3348 308
62009 51659 340
25210 2336 282
67587 66342 281
19301 78206 351
67372 97713 351
1255 75321 340
44599 64819 340
29904 17721 308
39811 55939 340
15667 73940 340
46228 11705 324
29150 11127 308
96658 65984 351
89224 63920 351
67269 2422 340
54081 21396 340
40084 45630 314
11972 79292 351
73850 7672 340
5385 47625 324
39299 41222 306
6042 6640 262
40713 83898 351
56190 52298 340
42590 80524 351
8581 88209 351
99336 88819 333
71155 37732 340
18004 95994 351
14769 60379 340
81776 85273 320
47255 68850 340
48142 21860 324
45884 75579 340
23205 21993 269
79567 67621 351
90613 62504 351
62754 1961 340
54259 31326 340
28202 18944 308
23506 13202 279
2021 36784 324
90868 22842 351
35189 89528 351
49908 8872 324
10498 49958 324
18808 48036 324
86248 57753 351
33333 83303 351
21648 32133 308
99754 72890 351
51746 17567 324
19529 90368 351
38046 14500 324
49797 73788 340
86990 66249 351
3033 73303 340
12497 5363 268
94892 10253 351
19125 47686 324
13996 61152 340
9188 45975 324
3729 49157 324
32460 95436 351
43921 53414 340
26304 70460 340
88027 60028 351
66748 78050 351
8902 7556 252
97697 4794 351
71043 58699 335
32002 1039 308
6403 90428 351
681 44500 324
8538 17647 279
95151 36159 351
82134 22535 351
71692 4339 340
16127 2215 276
55629 20504 340
90964 60049 351
36429 98285 351
76335 95343 351
2900 3177 217
7971 85238 351
60289 16949 340
17988 95367 351
85795 92292 333
53144 40743 340
58390 2829 340
55340 61682 335
569 53541 340
74232 53826 335
56042 72261 335
9117 90360 351
66761 28023 340
26309 81 282
95425 3190 351
6367 18996 279
4234 14677 276
31626 30690 285
26057 64524 340
73168 49614 340
90358 28205 351
47386 26312 324
4346 65100 340
34994 2726 311
56552 4916 340
93529 25578 351
32290 28946 285
56970 2647 340
19080 99051 351
18593 99631 351
18627 30857 308
61886 41312 340
88355 39214 351
20090 93512 351
59479 14412 340
58969 9610 340
52274 66189 340
47641 6355 324
25433 56620 340
77888 98987 338
24566 98338 351
27284 87770 351
90417 56856 351
72260 606 340
237 25849 282
73059 7205 340
48518 35217 324
90783 34945 351
28458 36873 324
67637 10873 340
20483 4289 279
70478 26607 340
49314 72757 340
45729 34471 324
33459 91100 351
89438 23618 351
11388 58025 340
31233 33074 285
33681 18157 308
60358 3493 340
10699 50270 324
1839 33417 308
68363 75569 325
28794 92622 351
19847 13173 279
17462 96431 351
39390 56682 340
45791 4292 324
55115 5057 340
96157 91521 328
31491 88574 351
62951 1947 340
35021 59231 340
93740 10537 351
14030 85054 351
35325 54098 340
87516 41081 351
33002 53516 340
46139 72231 340
85404 61796 351
74580 82338 351
39021 19218 324
39862 13970 324
35379 84812 351
92685 94977 315
99904 31536 351
33483 24176 308
99759 79207 333
89744 84857 333
69911 93499 351
63950 20127 340
77560 5236 351
75105 67818 325
40049 10563 324
88711 21244 351
19934 41805 324
77375 63291 351
93614 58955 351
43768 33589 324
44918 28993 324
76882 52805 335
76982 44822 340
24030 26717 308
11574 93093 351
86593 30126 351
50253 81486 351
3074 50543 324
34713 27814 311
38377 78179 351
15775 74762 340
32919 27088 285
6732 35710 324
11017 10294 268
60235 346 340
45691 71137 340
23943 5153 282
66328 22573 340
49291 925 324
94018 6710 351
36836 77217 351
75055 96963 351
63858 87090 351
14904 78130 351
72661 98571 351
89685 69633 351
13073 4789 268
56851 22604 340
49250 19805 324
36503 67868 340
39006 9485 324
14639 82195 351
21120 62949 340
80226 80967 289
87677 86763 333
63981 90596 351
87560 40865 351
27955 39036 324
33518 67770 340
66342 59211 335
45196 22532 324
27321 72379 340
94984 58270 351
94427 84172 333
52040 44234 314
70072 47283 340
45830 7398 324
70347 1063 340
82030 66950 351
53714 50573 340
57522 86059 351
26924 34047 285
89435 45082 351
29204 71232 340
30443 22954 308
45486 11898 324
84278 75640 351
50262 89159 351
89683 79262 333
39848 61041 340
8324 41723 324
49122 26272 324
27335 54154 340
37457 35821 262
2747 9365 262
11776 91171 351
25218 60269 340
21703 38701 324
9933 14653 276
53959 50907 340
62806 56728 335
48720 15797 324
21308 47084 324
42698 15334 324
76376 10991 340
52715 98898 351
25171 1052 282
71559 18189 340
54010 52506 340
78224 9016 351
16539 73109 340
33378 90000 351
45053 58109 340
89114 55081 351
5989 71338 340
28067 59426 340
75223 85147 351
32231 76787 340
92122 96532 328
23875 91281 351
90179 84850 333
2254 76590 340
11131 15350 276
67857 73813 325
99181 81494 333
54603 46081 340
52433 15720 324
90181 87982 333
59415 97487 351
68825 79296 351
38722 65404 340
50551 96892 351
90032 30297 351
43181 99134 351
90415 98506 333
99708 67057 351
59999 80595 351
12297 1962 268
75776 87483 351
68977 80154 351
42587 91309 351
23382 39932 324
44266 95021 351
8860 13563 276
9211 3682 262
69086 77685 351
90930 64285 351
94583 35990 351
51476 97314 351
95820 54116 351
37525 41892 306
38839 95528 351
97490 97525 178
1360 51136 324
47643 89618 351
80928 70337 351
26621 6582 282
17955 4310 279
34225 70888 340
74570 26815 340
20853 43437 324
7722 60008 340
12350 11783 263
9097 18657 279
89126 63827 351
22071 21269 269
33149 26651 285
40528 60910 340
28398 30639 272
36610 41888 306
28577 92393 351
98976 33890 351
54552 55199 247
26087 16931 282
60099 88777 351
48566 657 324
77017 80952 351
92735 72641 351
91298 89368 315
53195 18184 340
55805 96776 351
23428 75266 340
52528 88954 351
19593 80308 351
22197 97278 351
89672 72555 351
6445 50774 324
22325 5000 279
38283 60997 340
66127 48412 340
65421 98382 351
79334 14693 351
87334 42439 351
48159 88421 351
22957 94985 351
91761 1354 351
92972 78762 338
67716 31541 340
11850 61852 340
75482 3662 340
76217 50399 340
1173 65154 340
86506 99015 333
76364 39851 340
88263 24790 351
23172 42491 324
73537 70037 325
28828 18859 308
7280 60871 340
55856 76987 335
78341 46590 351
25352 63970 340
95511 87665 333
49517 93069 351
13083 7361 268
74112 41351 340
6506 89300 351
4667 91638 351
31489 9364 308
34154 81032 351
39875 36104 306
6141 73679 340
92538 13412 351
90636 34969 351
11956 16170 276
62760 62844 286
26814 6649 308
94314 4465 351
13886 22326 279
46039 60183 340
1535 26969 308
32621 20152 308
11790 24393 282
50109 37289 314
34673 59631 340
95735 84264 333
74295 74548 294
4313 1877 238
53198 66833 335
99355 94949 328
57793 65155 335
88156 78468 338
82933 960 351
23286 98823 351
75358 13171 340
40140 85677 351
22181 93245 351
33990 72761 340
10050 50323 324
9954 84100 351
68364 61075 330
35624 22042 311
23919 42659 324
25844 56289 340
51238 93469 351
74976 41551 340
20019 25383 282
26343 63133 340
61956 19304 340
32475 65981 340
68011 53666 335
46912 88967 351
61729 90192 351
56868 80902 351
65002 88131 351
49207 83174 351
5216 49718 324
92377 1183 351
57472 45487 340
38957 34573 324
76125 25062 340
66797 13933 340
93418 12496 351
48153 93141 351
75474 71726 325
25393 96980 351
85948 43485 351
50030 72305 340
69559 64029 312
52160 6898 324
6424 34562 311
84280 17719 351
18902 11641 279
73480 93010 351
27583 92726 351
34140 28789 285
42723 3708 324
32557 938 308
10431 52493 324
24220 80710 351
77690 85905 338
29391 49613 324
38270 63638 340
27667 79421 351
2671 7829 262
58743 96180 351
13899 9095 276
37088 43024 306
52386 49154 309
58232 10569 340
55710 79969 351
30 92373 351
9663 98433 351
67279 32587 340
29649 20094 308
22351 91499 351
57464 7339 340
87330 51742 351
47515 12086 324
19915 31349 308
43881 50186 314
75634 95011 351
54387 74133 335
23287 12722 279
39643 6773 324
86742 81519 320
90244 95354 333
10139 3124 262
52063 16259 324
36353 77418 351
85269 81712 320
5404 58705 340
26799 42733 324
54819 92734 351
40435 74315 340
40853 91087 351
2450 669 183
74802 16487 340
45562 56837 340
63610 98089 351
95960 85205 333
96911 66704 351
69829 2557 340
18816 23403 274
821 21892 279
3605 71522 340
46579 2443 324
61528 25361 340
34447 73378 340
64045 32700 340
23787 74882 340
75551 4899 340
21386 42589 324
99426 50353 351
64794 66948 268
68506 63036 330
46092 77107 351
79664 65417 351
88820 15921 351
54166 98480 351
86354 5994 351
8437 74123 340
99484 32933 351
6312 86317 351
19017 33931 308
25165 86709 351
91608 59156 351
1745 17069 276
67422 12995 340
96295 1171 351
80559 48569 351
25676 64801 340
46571 26652 324
58925 5340 340
20172 51743 324
74089 13091 340
3566 6527 262
55812 98878 351
85196 3050 351
53333 62124 335
65186 4213 340
63370 78499 351
95568 56794 351
86141 65115 351
82639 79342 320
44263 82437 351
63590 63198 330
6202 69939 340
91631 26513 351
78257 65128 351
94571 11804 351
34683 52346 324
51225 98138 351
17540 90495 351
68972 36421 340
40634 87226 351
65725 34158 340
90952 20356 351
85472 77645 338
73339 93446 351
75883 68111 325
47661 17603 324
87542 55825 351
82339 70216 351
35344 79174 351
7330 60596 340
29294 46267 324
60757 42013 340
48860 80519 351
33292 94650 351
81876 17832 351
51990 90279 351
10635 63953 340
41598 59295 340
52741 96107 351
80570 14937 351
32540 44976 324
801 44584 324
14800 20083 279
15609 99492 351
76440 66496 325
12763 22939 279
81304 5735 351
2606 89873 351
84523 30164 351
64349 52251 340
42530 82751 351
46704 16339 324
91986 53165 351
65625 88302 351
19591 61079 340
22407 62547 340
7131 68484 340
4919 39561 324
39053 21931 324
88427 20528 351
59819 15494 340
37581 17543 324
23768 41123 324
87639 40187 351
92438 24643 351
7394 51988 324
84680 51320 351
4486 54098 340
58752 93018 351
54098 86463 351
49010 94695 351
63179 76505 330
16066 56142 340
94425 68098 351
4978 71472 340
86966 82853 320
16748 64797 340
22272 24547 282
81086 40516 351
65159 9912 340
61900 89877 351
41197 72553 340
43003 62932 340
55951 62035 335
48498 18107 324
29154 10049 308
2906 13861 276
70003 92334 351
76784 35325 340
6797 64428 340
63633 81763 351
46560 10115 324
51014 80381 351
20897 85185 351
95097 32100 351
38329 2408 324
91313 73349 351
52634 95879 351
57914 34316 340
68775 8585 340
34986 22765 311
36626 97930 351
6616 37892 324
89569 6629 351
87409 99752 333
81515 96366 333
22833 67395 340
47776 44428 314
29613 73847 340
22300 85026 351
3786 41062 324
30763 60629 340
56508 95100 351
29416 83397 351
91982 30775 351
53540 14544 340
28826 43320 324
97565 6518 351
29499 51794 324
51546 87134 351
99853 16908 351
84303 33062 351
93842 22686 351
96534 48432 351
49810 39807 314
80869 18834 351
95815 53596 351
48696 27984 324
11382 52324 324
99451 94465 328
25361 19716 282
63037 69343 330
75861 54187 335
5981 60602 340
64088 5360 340
38620 73879 340
23293 63941 340
86628 22924 351
87708 17135 351
56942 83162 351
1996 53870 340
7466 54163 340
98500 97811 297
66487 72515 325
83332 26234 351
45950 82290 351
51633 8693 324
62880 25339 340
2293 27494 308
32854 85213 351
75444 66382 325
30323 71475 340
10751 98738 351
15873 16951 266
16465 14811 271
68681 89168 351
59683 34813 340
48977 92499 351
65014 74535 325
769 15464 276
14107 48346 324
73391 63072 330
88411 65740 351
9587 52623 340
37836 7057 324
73439 58793 335
46620 13281 324
28371 20114 308
53418 57371 322
88534 60596 351
49764 69883 340
4697 73567 340
66067 25800 340
335 53674 340
85490 47433 351
12132 17457 276
80529 15949 351
81690 85523 320
38147 85292 351
92349 7629 351
66422 92335 351
21968 82140 351
2255 13043 268
86766 50339 351
10936 72025 340
58260 91653 351
65220 77052 351
19204 62957 340
32983 31287 285
78721 19540 351
36997 34826 324
67127 7205 340
92728 33878 351
19170 65169 340
72798 47227 340
39563 11520 324
93660 39221 351
68616 77883 351
28223 12267 308
84292 55382 351
47035 55511 340
32563 42553 324
21862 28608 308
59895 51768 340
87660 71198 351
22376 54968 340
62173 41009 340
74887 89503 351
54673 71254 335
18481 94057 351
21929 43823 324
83044 74396 351
52280 31942 324
44209 68012 340
39747 96855 351
52366 44854 314
3759 3134 238
31742 1281 308
69401 41973 340
13171 91638 351
62958 73413 330
14422 51899 324
57755 41484 340
29090 5661 308
16071 28780 308
72603 63923 325
38320 38000 244
69942 72000 325
40012 6952 324
3807 30504 308
75358 79759 351
82894 72525 351
90158 79117 333
21090 14636 279
22626 59560 340
32973 50614 324
18865 1937 279
43421 63748 340
69409 76620 325
5400 88863 351
52786 1832 340
39833 78004 351
66356 7458 340
14410 26127 282
56631 6368 340
86128 34569 351
23446 48341 324
27458 85374 351
10 13605 276
73165 64901 325
31867 38989 324
40926 22490 324
86238 50732 351
43705 699 324
89562 72000 351
73832 65457 325
43461 42348 257
49807 30017 324
72497 26169 340
32538 80569 351
15139 29128 308
77470 35018 351
20392 38585 324
68542 21280 340
2533 36754 324
75743 41707 340
80550 34400 351
1485 33021 308
33720 66788 340
55140 45190 340
10647 39634 324
81983 45325 351
91694 70461 351
96630 48142 351
45063 64191 340
93320 45520 351
80538 76554 351
31492 87142 351
8422 930 262
37685 34 324
58094 27308 340
61708 29780 340
62802 38644 340
21784 79545 351
41087 96522 351
36157 76925 340
38602 51735 314
38548 34492 324
98986 30296 351
10840 51530 324
97051 44049 351
36956 20512 324
7654 77589 351
94872 68448 351
68482 32428 340
76088 32557 340
62337 26576 340
65220 37797 340
33694 25139 308
38014 87005 351
80282 74782 351
42869 90523 351
25015 35236 311
81884 81417 258
49299 40353 314
754 92724 351
13236 46350 324
40292 37710 306
6158 37242 324
86023 35164 351
67721 74641 325
17569 62111 340
16260 46410 324
87902 82790 333
86147 49955 351
41089 25916 324
16439 82781 351
18017 83958 351
65375 57806 335
14511 99901 351
8978 14674 276
77377 15265 351
52976 38566 340
92161 17669 351
52833 59134 322
